2024-12-09 15:30:03,665 - INFO - Connexion à la base de données réussie.
2024-12-09 15:30:03,671 - INFO - Nombre d'articles à traiter: 125
2024-12-09 15:30:03,671 - INFO - Génération du résumé pour l'article 614...
2024-12-09 15:30:03,687 - ERROR - Erreur lors de la génération du résumé pour l'article 614: index out of range in self
2024-12-09 15:30:03,690 - WARNING - Article 519 ignoré : contenu trop long.
2024-12-09 15:30:03,690 - INFO - Génération du résumé pour l'article 520...
2024-12-09 15:30:03,696 - ERROR - Erreur lors de la génération du résumé pour l'article 520: index out of range in self
2024-12-09 15:30:03,696 - WARNING - Article 525 ignoré : contenu trop long.
2024-12-09 15:30:03,696 - WARNING - Article 526 ignoré : contenu trop long.
2024-12-09 15:30:03,696 - WARNING - Article 527 ignoré : contenu trop long.
2024-12-09 15:30:03,697 - WARNING - Article 528 ignoré : contenu trop long.
2024-12-09 15:30:03,697 - INFO - Génération du résumé pour l'article 529...
2024-12-09 15:30:03,702 - ERROR - Erreur lors de la génération du résumé pour l'article 529: index out of range in self
2024-12-09 15:30:03,702 - WARNING - Article 530 ignoré : contenu trop long.
2024-12-09 15:30:03,702 - WARNING - Article 531 ignoré : contenu trop long.
2024-12-09 15:30:03,702 - INFO - Génération du résumé pour l'article 532...
2024-12-09 15:30:03,708 - ERROR - Erreur lors de la génération du résumé pour l'article 532: index out of range in self
2024-12-09 15:30:03,708 - INFO - Génération du résumé pour l'article 533...
2024-12-09 15:30:03,712 - ERROR - Erreur lors de la génération du résumé pour l'article 533: index out of range in self
2024-12-09 15:30:03,713 - WARNING - Article 534 ignoré : contenu trop long.
2024-12-09 15:30:03,713 - INFO - Génération du résumé pour l'article 535...
2024-12-09 15:30:03,717 - ERROR - Erreur lors de la génération du résumé pour l'article 535: index out of range in self
2024-12-09 15:30:03,718 - WARNING - Article 735 ignoré : contenu trop long.
2024-12-09 15:30:03,718 - INFO - Génération du résumé pour l'article 614...
2024-12-09 15:30:03,723 - ERROR - Erreur lors de la génération du résumé pour l'article 614: index out of range in self
2024-12-09 15:30:03,723 - WARNING - Article 519 ignoré : contenu trop long.
2024-12-09 15:30:03,723 - INFO - Génération du résumé pour l'article 520...
2024-12-09 15:30:03,727 - ERROR - Erreur lors de la génération du résumé pour l'article 520: index out of range in self
2024-12-09 15:30:03,728 - WARNING - Article 525 ignoré : contenu trop long.
2024-12-09 15:30:03,728 - WARNING - Article 526 ignoré : contenu trop long.
2024-12-09 15:30:03,728 - WARNING - Article 527 ignoré : contenu trop long.
2024-12-09 15:30:03,728 - WARNING - Article 528 ignoré : contenu trop long.
2024-12-09 15:30:03,728 - INFO - Génération du résumé pour l'article 529...
2024-12-09 15:30:03,733 - ERROR - Erreur lors de la génération du résumé pour l'article 529: index out of range in self
2024-12-09 15:30:03,733 - WARNING - Article 530 ignoré : contenu trop long.
2024-12-09 15:30:03,733 - WARNING - Article 531 ignoré : contenu trop long.
2024-12-09 15:30:03,733 - INFO - Génération du résumé pour l'article 532...
2024-12-09 15:30:03,739 - ERROR - Erreur lors de la génération du résumé pour l'article 532: index out of range in self
2024-12-09 15:30:03,740 - INFO - Génération du résumé pour l'article 533...
2024-12-09 15:30:03,744 - ERROR - Erreur lors de la génération du résumé pour l'article 533: index out of range in self
2024-12-09 15:30:03,744 - WARNING - Article 534 ignoré : contenu trop long.
2024-12-09 15:30:03,745 - INFO - Génération du résumé pour l'article 797...
2024-12-09 15:30:03,750 - ERROR - Erreur lors de la génération du résumé pour l'article 797: index out of range in self
2024-12-09 15:30:03,751 - WARNING - Article 735 ignoré : contenu trop long.
2024-12-09 15:30:03,751 - INFO - Génération du résumé pour l'article 614...
2024-12-09 15:30:03,755 - ERROR - Erreur lors de la génération du résumé pour l'article 614: index out of range in self
2024-12-09 15:30:03,755 - WARNING - Article 519 ignoré : contenu trop long.
2024-12-09 15:30:03,755 - INFO - Génération du résumé pour l'article 520...
2024-12-09 15:30:03,760 - ERROR - Erreur lors de la génération du résumé pour l'article 520: index out of range in self
2024-12-09 15:30:03,760 - WARNING - Article 525 ignoré : contenu trop long.
2024-12-09 15:30:03,761 - WARNING - Article 526 ignoré : contenu trop long.
2024-12-09 15:30:03,761 - WARNING - Article 527 ignoré : contenu trop long.
2024-12-09 15:30:03,761 - WARNING - Article 528 ignoré : contenu trop long.
2024-12-09 15:30:03,761 - INFO - Génération du résumé pour l'article 529...
2024-12-09 15:30:03,765 - ERROR - Erreur lors de la génération du résumé pour l'article 529: index out of range in self
2024-12-09 15:30:03,765 - WARNING - Article 530 ignoré : contenu trop long.
2024-12-09 15:30:03,765 - WARNING - Article 531 ignoré : contenu trop long.
2024-12-09 15:30:03,765 - INFO - Génération du résumé pour l'article 532...
2024-12-09 15:30:03,770 - ERROR - Erreur lors de la génération du résumé pour l'article 532: index out of range in self
2024-12-09 15:30:03,770 - INFO - Génération du résumé pour l'article 797...
2024-12-09 15:30:03,774 - ERROR - Erreur lors de la génération du résumé pour l'article 797: index out of range in self
2024-12-09 15:30:03,774 - WARNING - Article 735 ignoré : contenu trop long.
2024-12-09 15:30:03,774 - INFO - Génération du résumé pour l'article 614...
2024-12-09 15:30:03,779 - ERROR - Erreur lors de la génération du résumé pour l'article 614: index out of range in self
2024-12-09 15:30:03,779 - WARNING - Article 519 ignoré : contenu trop long.
2024-12-09 15:30:03,779 - INFO - Génération du résumé pour l'article 520...
2024-12-09 15:30:03,784 - ERROR - Erreur lors de la génération du résumé pour l'article 520: index out of range in self
2024-12-09 15:30:03,784 - WARNING - Article 525 ignoré : contenu trop long.
2024-12-09 15:30:03,785 - WARNING - Article 526 ignoré : contenu trop long.
2024-12-09 15:30:03,785 - WARNING - Article 527 ignoré : contenu trop long.
2024-12-09 15:30:03,785 - WARNING - Article 528 ignoré : contenu trop long.
2024-12-09 15:30:03,785 - INFO - Génération du résumé pour l'article 529...
2024-12-09 15:30:03,790 - ERROR - Erreur lors de la génération du résumé pour l'article 529: index out of range in self
2024-12-09 15:30:03,790 - WARNING - Article 530 ignoré : contenu trop long.
2024-12-09 15:30:03,791 - WARNING - Article 531 ignoré : contenu trop long.
2024-12-09 15:30:03,791 - INFO - Génération du résumé pour l'article 532...
2024-12-09 15:30:03,795 - ERROR - Erreur lors de la génération du résumé pour l'article 532: index out of range in self
2024-12-09 15:30:03,795 - INFO - Génération du résumé pour l'article 797...
2024-12-09 15:30:03,799 - ERROR - Erreur lors de la génération du résumé pour l'article 797: index out of range in self
2024-12-09 15:30:03,799 - WARNING - Article 735 ignoré : contenu trop long.
2024-12-09 15:30:03,800 - INFO - Génération du résumé pour l'article 614...
2024-12-09 15:30:03,805 - ERROR - Erreur lors de la génération du résumé pour l'article 614: index out of range in self
2024-12-09 15:30:03,806 - WARNING - Article 519 ignoré : contenu trop long.
2024-12-09 15:30:03,806 - INFO - Génération du résumé pour l'article 520...
2024-12-09 15:30:03,810 - ERROR - Erreur lors de la génération du résumé pour l'article 520: index out of range in self
2024-12-09 15:30:03,811 - WARNING - Article 525 ignoré : contenu trop long.
2024-12-09 15:30:03,811 - WARNING - Article 526 ignoré : contenu trop long.
2024-12-09 15:30:03,811 - WARNING - Article 527 ignoré : contenu trop long.
2024-12-09 15:30:03,811 - WARNING - Article 528 ignoré : contenu trop long.
2024-12-09 15:30:03,811 - INFO - Génération du résumé pour l'article 529...
2024-12-09 15:30:03,815 - ERROR - Erreur lors de la génération du résumé pour l'article 529: index out of range in self
2024-12-09 15:30:03,816 - WARNING - Article 530 ignoré : contenu trop long.
2024-12-09 15:30:03,816 - WARNING - Article 531 ignoré : contenu trop long.
2024-12-09 15:30:03,816 - INFO - Génération du résumé pour l'article 532...
2024-12-09 15:30:03,821 - ERROR - Erreur lors de la génération du résumé pour l'article 532: index out of range in self
2024-12-09 15:30:03,821 - INFO - Génération du résumé pour l'article 797...
2024-12-09 15:30:03,825 - ERROR - Erreur lors de la génération du résumé pour l'article 797: index out of range in self
2024-12-09 15:30:03,826 - WARNING - Article 735 ignoré : contenu trop long.
2024-12-09 15:30:03,826 - INFO - Génération du résumé pour l'article 614...
2024-12-09 15:30:03,830 - ERROR - Erreur lors de la génération du résumé pour l'article 614: index out of range in self
2024-12-09 15:30:03,830 - WARNING - Article 519 ignoré : contenu trop long.
2024-12-09 15:30:03,830 - INFO - Génération du résumé pour l'article 520...
2024-12-09 15:30:03,836 - ERROR - Erreur lors de la génération du résumé pour l'article 520: index out of range in self
2024-12-09 15:30:03,836 - WARNING - Article 525 ignoré : contenu trop long.
2024-12-09 15:30:03,836 - WARNING - Article 526 ignoré : contenu trop long.
2024-12-09 15:30:03,836 - WARNING - Article 527 ignoré : contenu trop long.
2024-12-09 15:30:03,836 - WARNING - Article 528 ignoré : contenu trop long.
2024-12-09 15:30:03,836 - INFO - Génération du résumé pour l'article 529...
2024-12-09 15:30:03,840 - ERROR - Erreur lors de la génération du résumé pour l'article 529: index out of range in self
2024-12-09 15:30:03,841 - WARNING - Article 530 ignoré : contenu trop long.
2024-12-09 15:30:03,841 - WARNING - Article 531 ignoré : contenu trop long.
2024-12-09 15:30:03,841 - INFO - Génération du résumé pour l'article 532...
2024-12-09 15:30:03,845 - ERROR - Erreur lors de la génération du résumé pour l'article 532: index out of range in self
2024-12-09 15:30:03,845 - INFO - Génération du résumé pour l'article 797...
2024-12-09 15:30:03,849 - ERROR - Erreur lors de la génération du résumé pour l'article 797: index out of range in self
2024-12-09 15:30:03,849 - WARNING - Article 735 ignoré : contenu trop long.
2024-12-09 15:30:03,849 - INFO - Génération du résumé pour l'article 614...
2024-12-09 15:30:03,853 - ERROR - Erreur lors de la génération du résumé pour l'article 614: index out of range in self
2024-12-09 15:30:03,854 - WARNING - Article 519 ignoré : contenu trop long.
2024-12-09 15:30:03,854 - INFO - Génération du résumé pour l'article 520...
2024-12-09 15:30:03,859 - ERROR - Erreur lors de la génération du résumé pour l'article 520: index out of range in self
2024-12-09 15:30:03,859 - WARNING - Article 525 ignoré : contenu trop long.
2024-12-09 15:30:03,859 - WARNING - Article 526 ignoré : contenu trop long.
2024-12-09 15:30:03,859 - WARNING - Article 527 ignoré : contenu trop long.
2024-12-09 15:30:03,859 - WARNING - Article 528 ignoré : contenu trop long.
2024-12-09 15:30:03,859 - INFO - Génération du résumé pour l'article 529...
2024-12-09 15:30:03,863 - ERROR - Erreur lors de la génération du résumé pour l'article 529: index out of range in self
2024-12-09 15:30:03,863 - WARNING - Article 530 ignoré : contenu trop long.
2024-12-09 15:30:03,864 - WARNING - Article 531 ignoré : contenu trop long.
2024-12-09 15:30:03,864 - INFO - Génération du résumé pour l'article 797...
2024-12-09 15:30:03,869 - ERROR - Erreur lors de la génération du résumé pour l'article 797: index out of range in self
2024-12-09 15:30:03,869 - WARNING - Article 735 ignoré : contenu trop long.
2024-12-09 15:30:03,869 - INFO - Génération du résumé pour l'article 614...
2024-12-09 15:30:03,873 - ERROR - Erreur lors de la génération du résumé pour l'article 614: index out of range in self
2024-12-09 15:30:03,873 - WARNING - Article 519 ignoré : contenu trop long.
2024-12-09 15:30:03,873 - INFO - Génération du résumé pour l'article 520...
2024-12-09 15:30:03,878 - ERROR - Erreur lors de la génération du résumé pour l'article 520: index out of range in self
2024-12-09 15:30:03,878 - WARNING - Article 525 ignoré : contenu trop long.
2024-12-09 15:30:03,878 - WARNING - Article 526 ignoré : contenu trop long.
2024-12-09 15:30:03,878 - WARNING - Article 527 ignoré : contenu trop long.
2024-12-09 15:30:03,879 - WARNING - Article 528 ignoré : contenu trop long.
2024-12-09 15:30:03,879 - INFO - Génération du résumé pour l'article 529...
2024-12-09 15:30:03,883 - ERROR - Erreur lors de la génération du résumé pour l'article 529: index out of range in self
2024-12-09 15:30:03,883 - WARNING - Article 530 ignoré : contenu trop long.
2024-12-09 15:30:03,883 - WARNING - Article 531 ignoré : contenu trop long.
2024-12-09 15:30:03,883 - INFO - Génération du résumé pour l'article 797...
2024-12-09 15:30:03,888 - ERROR - Erreur lors de la génération du résumé pour l'article 797: index out of range in self
2024-12-09 15:30:03,888 - WARNING - Article 735 ignoré : contenu trop long.
2024-12-09 15:30:03,888 - INFO - Génération du résumé pour l'article 614...
2024-12-09 15:30:03,892 - ERROR - Erreur lors de la génération du résumé pour l'article 614: index out of range in self
2024-12-09 15:30:03,892 - WARNING - Article 519 ignoré : contenu trop long.
2024-12-09 15:30:03,892 - INFO - Génération du résumé pour l'article 520...
2024-12-09 15:30:03,897 - ERROR - Erreur lors de la génération du résumé pour l'article 520: index out of range in self
2024-12-09 15:30:03,897 - WARNING - Article 525 ignoré : contenu trop long.
2024-12-09 15:30:03,897 - WARNING - Article 526 ignoré : contenu trop long.
2024-12-09 15:30:03,897 - WARNING - Article 527 ignoré : contenu trop long.
2024-12-09 15:30:03,897 - INFO - Génération du résumé pour l'article 797...
2024-12-09 15:30:03,901 - ERROR - Erreur lors de la génération du résumé pour l'article 797: index out of range in self
2024-12-09 15:30:03,902 - WARNING - Article 735 ignoré : contenu trop long.
2024-12-09 15:30:03,902 - INFO - Génération du résumé pour l'article 614...
2024-12-09 15:30:03,906 - ERROR - Erreur lors de la génération du résumé pour l'article 614: index out of range in self
2024-12-09 15:30:03,906 - WARNING - Article 519 ignoré : contenu trop long.
2024-12-09 15:30:03,906 - INFO - Génération du résumé pour l'article 520...
2024-12-09 15:30:03,911 - ERROR - Erreur lors de la génération du résumé pour l'article 520: index out of range in self
2024-12-09 15:30:03,911 - WARNING - Article 525 ignoré : contenu trop long.
2024-12-09 15:30:03,911 - WARNING - Article 526 ignoré : contenu trop long.
2024-12-09 15:30:03,911 - WARNING - Article 1702 ignoré : contenu trop long.
2024-12-09 15:30:03,911 - INFO - Génération du résumé pour l'article 797...
2024-12-09 15:30:03,915 - ERROR - Erreur lors de la génération du résumé pour l'article 797: index out of range in self
2024-12-09 15:30:03,915 - WARNING - Article 735 ignoré : contenu trop long.
2024-12-09 15:30:03,915 - INFO - Génération du résumé pour l'article 614...
2024-12-09 15:30:03,919 - ERROR - Erreur lors de la génération du résumé pour l'article 614: index out of range in self
2024-12-09 15:30:03,919 - WARNING - Article 519 ignoré : contenu trop long.
2024-12-09 15:30:03,919 - INFO - Génération du résumé pour l'article 520...
2024-12-09 15:30:03,924 - ERROR - Erreur lors de la génération du résumé pour l'article 520: index out of range in self
2024-12-09 15:30:03,924 - INFO - Connexion à la base de données fermée.
2024-12-09 15:30:05,938 - CRITICAL - Erreur lors de l'initialisation du pipeline de summarization: Could not load model sshleifer/distilbart-cnn-12-6 with any of the following classes: (<class 'transformers.models.auto.modeling_auto.AutoModelForSeq2SeqLM'>, <class 'transformers.models.bart.modeling_bart.BartForConditionalGeneration'>). See the original errors:

while loading with AutoModelForSeq2SeqLM, an error is thrown:
Traceback (most recent call last):
  File "C:\Users\NoémieRondel\OneDrive - talan.com\Certification\Projet final\Projet Veille IA\aimonitor\Lib\site-packages\transformers\modeling_utils.py", line 3897, in from_pretrained
    ).start()
      ^^^^^^^
  File "C:\Users\NoémieRondel\AppData\Local\Programs\Python\Python312\Lib\multiprocessing\process.py", line 121, in start
    self._popen = self._Popen(self)
                  ^^^^^^^^^^^^^^^^^
  File "C:\Users\NoémieRondel\AppData\Local\Programs\Python\Python312\Lib\multiprocessing\context.py", line 224, in _Popen
    return _default_context.get_context().Process._Popen(process_obj)
           ^^^^^^^^^^^^^^^^^^^^^^^^^^^^^^^^^^^^^^^^^^^^^^^^^^^^^^^^^^
  File "C:\Users\NoémieRondel\AppData\Local\Programs\Python\Python312\Lib\multiprocessing\context.py", line 337, in _Popen
    return Popen(process_obj)
           ^^^^^^^^^^^^^^^^^^
  File "C:\Users\NoémieRondel\AppData\Local\Programs\Python\Python312\Lib\multiprocessing\popen_spawn_win32.py", line 46, in __init__
    prep_data = spawn.get_preparation_data(process_obj._name)
                ^^^^^^^^^^^^^^^^^^^^^^^^^^^^^^^^^^^^^^^^^^^^^
  File "C:\Users\NoémieRondel\AppData\Local\Programs\Python\Python312\Lib\multiprocessing\spawn.py", line 164, in get_preparation_data
    _check_not_importing_main()
  File "C:\Users\NoémieRondel\AppData\Local\Programs\Python\Python312\Lib\multiprocessing\spawn.py", line 140, in _check_not_importing_main
    raise RuntimeError('''
RuntimeError: 
        An attempt has been made to start a new process before the
        current process has finished its bootstrapping phase.

        This probably means that you are not using fork to start your
        child processes and you have forgotten to use the proper idiom
        in the main module:

            if __name__ == '__main__':
                freeze_support()
                ...

        The "freeze_support()" line can be omitted if the program
        is not going to be frozen to produce an executable.

        To fix this issue, refer to the "Safe importing of main module"
        section in https://docs.python.org/3/library/multiprocessing.html
        

The above exception was the direct cause of the following exception:

Traceback (most recent call last):
  File "C:\Users\NoémieRondel\OneDrive - talan.com\Certification\Projet final\Projet Veille IA\aimonitor\Lib\site-packages\transformers\pipelines\base.py", line 289, in infer_framework_load_model
    model = model_class.from_pretrained(model, **kwargs)
            ^^^^^^^^^^^^^^^^^^^^^^^^^^^^^^^^^^^^^^^^^^^^
  File "C:\Users\NoémieRondel\OneDrive - talan.com\Certification\Projet final\Projet Veille IA\aimonitor\Lib\site-packages\transformers\models\auto\auto_factory.py", line 564, in from_pretrained
    return model_class.from_pretrained(
           ^^^^^^^^^^^^^^^^^^^^^^^^^^^^
  File "C:\Users\NoémieRondel\OneDrive - talan.com\Certification\Projet final\Projet Veille IA\aimonitor\Lib\site-packages\transformers\modeling_utils.py", line 3941, in from_pretrained
    raise EnvironmentError(
OSError: Can't load the model for 'sshleifer/distilbart-cnn-12-6'. If you were trying to load it from 'https://huggingface.co/models', make sure you don't have a local directory with the same name. Otherwise, make sure 'sshleifer/distilbart-cnn-12-6' is the correct path to a directory containing a file named pytorch_model.bin, tf_model.h5, model.ckpt or flax_model.msgpack.

while loading with BartForConditionalGeneration, an error is thrown:
Traceback (most recent call last):
  File "C:\Users\NoémieRondel\OneDrive - talan.com\Certification\Projet final\Projet Veille IA\aimonitor\Lib\site-packages\transformers\modeling_utils.py", line 3897, in from_pretrained
    ).start()
      ^^^^^^^
  File "C:\Users\NoémieRondel\AppData\Local\Programs\Python\Python312\Lib\multiprocessing\process.py", line 121, in start
    self._popen = self._Popen(self)
                  ^^^^^^^^^^^^^^^^^
  File "C:\Users\NoémieRondel\AppData\Local\Programs\Python\Python312\Lib\multiprocessing\context.py", line 224, in _Popen
    return _default_context.get_context().Process._Popen(process_obj)
           ^^^^^^^^^^^^^^^^^^^^^^^^^^^^^^^^^^^^^^^^^^^^^^^^^^^^^^^^^^
  File "C:\Users\NoémieRondel\AppData\Local\Programs\Python\Python312\Lib\multiprocessing\context.py", line 337, in _Popen
    return Popen(process_obj)
           ^^^^^^^^^^^^^^^^^^
  File "C:\Users\NoémieRondel\AppData\Local\Programs\Python\Python312\Lib\multiprocessing\popen_spawn_win32.py", line 46, in __init__
    prep_data = spawn.get_preparation_data(process_obj._name)
                ^^^^^^^^^^^^^^^^^^^^^^^^^^^^^^^^^^^^^^^^^^^^^
  File "C:\Users\NoémieRondel\AppData\Local\Programs\Python\Python312\Lib\multiprocessing\spawn.py", line 164, in get_preparation_data
    _check_not_importing_main()
  File "C:\Users\NoémieRondel\AppData\Local\Programs\Python\Python312\Lib\multiprocessing\spawn.py", line 140, in _check_not_importing_main
    raise RuntimeError('''
RuntimeError: 
        An attempt has been made to start a new process before the
        current process has finished its bootstrapping phase.

        This probably means that you are not using fork to start your
        child processes and you have forgotten to use the proper idiom
        in the main module:

            if __name__ == '__main__':
                freeze_support()
                ...

        The "freeze_support()" line can be omitted if the program
        is not going to be frozen to produce an executable.

        To fix this issue, refer to the "Safe importing of main module"
        section in https://docs.python.org/3/library/multiprocessing.html
        

The above exception was the direct cause of the following exception:

Traceback (most recent call last):
  File "C:\Users\NoémieRondel\OneDrive - talan.com\Certification\Projet final\Projet Veille IA\aimonitor\Lib\site-packages\transformers\pipelines\base.py", line 289, in infer_framework_load_model
    model = model_class.from_pretrained(model, **kwargs)
            ^^^^^^^^^^^^^^^^^^^^^^^^^^^^^^^^^^^^^^^^^^^^
  File "C:\Users\NoémieRondel\OneDrive - talan.com\Certification\Projet final\Projet Veille IA\aimonitor\Lib\site-packages\transformers\modeling_utils.py", line 3941, in from_pretrained
    raise EnvironmentError(
OSError: Can't load the model for 'sshleifer/distilbart-cnn-12-6'. If you were trying to load it from 'https://huggingface.co/models', make sure you don't have a local directory with the same name. Otherwise, make sure 'sshleifer/distilbart-cnn-12-6' is the correct path to a directory containing a file named pytorch_model.bin, tf_model.h5, model.ckpt or flax_model.msgpack.



2024-12-09 15:56:05,435 - INFO - Connexion à la base de données réussie.
2024-12-09 15:56:05,435 - INFO - Nombre d'articles à traiter: 125
2024-12-09 15:56:05,435 - INFO - Génération du résumé pour l'article 614...
2024-12-09 15:56:05,457 - ERROR - Erreur lors de la génération du résumé pour l'article 614: index out of range in self
2024-12-09 15:56:05,467 - WARNING - Article 519 ignoré : contenu trop long.
2024-12-09 15:56:05,468 - INFO - Génération du résumé pour l'article 520...
2024-12-09 15:56:05,473 - ERROR - Erreur lors de la génération du résumé pour l'article 520: index out of range in self
2024-12-09 15:56:05,473 - WARNING - Article 525 ignoré : contenu trop long.
2024-12-09 15:56:05,473 - WARNING - Article 526 ignoré : contenu trop long.
2024-12-09 15:56:05,473 - WARNING - Article 527 ignoré : contenu trop long.
2024-12-09 15:56:05,473 - WARNING - Article 528 ignoré : contenu trop long.
2024-12-09 15:56:05,473 - INFO - Génération du résumé pour l'article 529...
2024-12-09 15:56:05,487 - ERROR - Erreur lors de la génération du résumé pour l'article 529: index out of range in self
2024-12-09 15:56:05,487 - WARNING - Article 530 ignoré : contenu trop long.
2024-12-09 15:56:05,487 - WARNING - Article 531 ignoré : contenu trop long.
2024-12-09 15:56:05,487 - INFO - Génération du résumé pour l'article 532...
2024-12-09 15:56:05,487 - ERROR - Erreur lors de la génération du résumé pour l'article 532: index out of range in self
2024-12-09 15:56:05,487 - INFO - Génération du résumé pour l'article 533...
2024-12-09 15:56:05,503 - ERROR - Erreur lors de la génération du résumé pour l'article 533: index out of range in self
2024-12-09 15:56:05,504 - WARNING - Article 534 ignoré : contenu trop long.
2024-12-09 15:56:05,504 - INFO - Génération du résumé pour l'article 535...
2024-12-09 15:56:05,509 - ERROR - Erreur lors de la génération du résumé pour l'article 535: index out of range in self
2024-12-09 15:56:05,509 - WARNING - Article 735 ignoré : contenu trop long.
2024-12-09 15:56:05,509 - INFO - Génération du résumé pour l'article 614...
2024-12-09 15:56:05,513 - ERROR - Erreur lors de la génération du résumé pour l'article 614: index out of range in self
2024-12-09 15:56:05,513 - WARNING - Article 519 ignoré : contenu trop long.
2024-12-09 15:56:05,513 - INFO - Génération du résumé pour l'article 520...
2024-12-09 15:56:05,517 - ERROR - Erreur lors de la génération du résumé pour l'article 520: index out of range in self
2024-12-09 15:56:05,518 - WARNING - Article 525 ignoré : contenu trop long.
2024-12-09 15:56:05,518 - WARNING - Article 526 ignoré : contenu trop long.
2024-12-09 15:56:05,518 - WARNING - Article 527 ignoré : contenu trop long.
2024-12-09 15:56:05,518 - WARNING - Article 528 ignoré : contenu trop long.
2024-12-09 15:56:05,518 - INFO - Génération du résumé pour l'article 529...
2024-12-09 15:56:05,522 - ERROR - Erreur lors de la génération du résumé pour l'article 529: index out of range in self
2024-12-09 15:56:05,523 - WARNING - Article 530 ignoré : contenu trop long.
2024-12-09 15:56:05,523 - WARNING - Article 531 ignoré : contenu trop long.
2024-12-09 15:56:05,523 - INFO - Génération du résumé pour l'article 532...
2024-12-09 15:56:05,528 - ERROR - Erreur lors de la génération du résumé pour l'article 532: index out of range in self
2024-12-09 15:56:05,528 - INFO - Génération du résumé pour l'article 533...
2024-12-09 15:56:05,532 - ERROR - Erreur lors de la génération du résumé pour l'article 533: index out of range in self
2024-12-09 15:56:05,532 - WARNING - Article 534 ignoré : contenu trop long.
2024-12-09 15:56:05,532 - INFO - Génération du résumé pour l'article 797...
2024-12-09 15:56:05,535 - ERROR - Erreur lors de la génération du résumé pour l'article 797: index out of range in self
2024-12-09 15:56:05,535 - WARNING - Article 735 ignoré : contenu trop long.
2024-12-09 15:56:05,535 - INFO - Génération du résumé pour l'article 614...
2024-12-09 15:56:05,535 - ERROR - Erreur lors de la génération du résumé pour l'article 614: index out of range in self
2024-12-09 15:56:05,535 - WARNING - Article 519 ignoré : contenu trop long.
2024-12-09 15:56:05,535 - INFO - Génération du résumé pour l'article 520...
2024-12-09 15:56:05,535 - ERROR - Erreur lors de la génération du résumé pour l'article 520: index out of range in self
2024-12-09 15:56:05,535 - WARNING - Article 525 ignoré : contenu trop long.
2024-12-09 15:56:05,535 - WARNING - Article 526 ignoré : contenu trop long.
2024-12-09 15:56:05,535 - WARNING - Article 527 ignoré : contenu trop long.
2024-12-09 15:56:05,535 - WARNING - Article 528 ignoré : contenu trop long.
2024-12-09 15:56:05,535 - INFO - Génération du résumé pour l'article 529...
2024-12-09 15:56:05,535 - ERROR - Erreur lors de la génération du résumé pour l'article 529: index out of range in self
2024-12-09 15:56:05,551 - WARNING - Article 530 ignoré : contenu trop long.
2024-12-09 15:56:05,551 - WARNING - Article 531 ignoré : contenu trop long.
2024-12-09 15:56:05,551 - INFO - Génération du résumé pour l'article 532...
2024-12-09 15:56:05,551 - ERROR - Erreur lors de la génération du résumé pour l'article 532: index out of range in self
2024-12-09 15:56:05,551 - INFO - Génération du résumé pour l'article 797...
2024-12-09 15:56:05,551 - ERROR - Erreur lors de la génération du résumé pour l'article 797: index out of range in self
2024-12-09 15:56:05,551 - WARNING - Article 735 ignoré : contenu trop long.
2024-12-09 15:56:05,551 - INFO - Génération du résumé pour l'article 614...
2024-12-09 15:56:05,551 - ERROR - Erreur lors de la génération du résumé pour l'article 614: index out of range in self
2024-12-09 15:56:05,551 - WARNING - Article 519 ignoré : contenu trop long.
2024-12-09 15:56:05,551 - INFO - Génération du résumé pour l'article 520...
2024-12-09 15:56:05,567 - ERROR - Erreur lors de la génération du résumé pour l'article 520: index out of range in self
2024-12-09 15:56:05,567 - WARNING - Article 525 ignoré : contenu trop long.
2024-12-09 15:56:05,567 - WARNING - Article 526 ignoré : contenu trop long.
2024-12-09 15:56:05,567 - WARNING - Article 527 ignoré : contenu trop long.
2024-12-09 15:56:05,567 - WARNING - Article 528 ignoré : contenu trop long.
2024-12-09 15:56:05,567 - INFO - Génération du résumé pour l'article 529...
2024-12-09 15:56:05,567 - ERROR - Erreur lors de la génération du résumé pour l'article 529: index out of range in self
2024-12-09 15:56:05,567 - WARNING - Article 530 ignoré : contenu trop long.
2024-12-09 15:56:05,567 - WARNING - Article 531 ignoré : contenu trop long.
2024-12-09 15:56:05,567 - INFO - Génération du résumé pour l'article 532...
2024-12-09 15:56:05,567 - ERROR - Erreur lors de la génération du résumé pour l'article 532: index out of range in self
2024-12-09 15:56:05,567 - INFO - Génération du résumé pour l'article 797...
2024-12-09 15:56:05,582 - ERROR - Erreur lors de la génération du résumé pour l'article 797: index out of range in self
2024-12-09 15:56:05,582 - WARNING - Article 735 ignoré : contenu trop long.
2024-12-09 15:56:05,582 - INFO - Génération du résumé pour l'article 614...
2024-12-09 15:56:05,582 - ERROR - Erreur lors de la génération du résumé pour l'article 614: index out of range in self
2024-12-09 15:56:05,582 - WARNING - Article 519 ignoré : contenu trop long.
2024-12-09 15:56:05,582 - INFO - Génération du résumé pour l'article 520...
2024-12-09 15:56:05,582 - ERROR - Erreur lors de la génération du résumé pour l'article 520: index out of range in self
2024-12-09 15:56:05,582 - WARNING - Article 525 ignoré : contenu trop long.
2024-12-09 15:56:05,582 - WARNING - Article 526 ignoré : contenu trop long.
2024-12-09 15:56:05,582 - WARNING - Article 527 ignoré : contenu trop long.
2024-12-09 15:56:05,582 - WARNING - Article 528 ignoré : contenu trop long.
2024-12-09 15:56:05,582 - INFO - Génération du résumé pour l'article 529...
2024-12-09 15:56:05,582 - ERROR - Erreur lors de la génération du résumé pour l'article 529: index out of range in self
2024-12-09 15:56:05,582 - WARNING - Article 530 ignoré : contenu trop long.
2024-12-09 15:56:05,582 - WARNING - Article 531 ignoré : contenu trop long.
2024-12-09 15:56:05,582 - INFO - Génération du résumé pour l'article 532...
2024-12-09 15:56:05,601 - ERROR - Erreur lors de la génération du résumé pour l'article 532: index out of range in self
2024-12-09 15:56:05,601 - INFO - Génération du résumé pour l'article 797...
2024-12-09 15:56:05,601 - ERROR - Erreur lors de la génération du résumé pour l'article 797: index out of range in self
2024-12-09 15:56:05,601 - WARNING - Article 735 ignoré : contenu trop long.
2024-12-09 15:56:05,601 - INFO - Génération du résumé pour l'article 614...
2024-12-09 15:56:05,601 - ERROR - Erreur lors de la génération du résumé pour l'article 614: index out of range in self
2024-12-09 15:56:05,601 - WARNING - Article 519 ignoré : contenu trop long.
2024-12-09 15:56:05,601 - INFO - Génération du résumé pour l'article 520...
2024-12-09 15:56:05,614 - ERROR - Erreur lors de la génération du résumé pour l'article 520: index out of range in self
2024-12-09 15:56:05,614 - WARNING - Article 525 ignoré : contenu trop long.
2024-12-09 15:56:05,614 - WARNING - Article 526 ignoré : contenu trop long.
2024-12-09 15:56:05,614 - WARNING - Article 527 ignoré : contenu trop long.
2024-12-09 15:56:05,614 - WARNING - Article 528 ignoré : contenu trop long.
2024-12-09 15:56:05,614 - INFO - Génération du résumé pour l'article 529...
2024-12-09 15:56:05,614 - ERROR - Erreur lors de la génération du résumé pour l'article 529: index out of range in self
2024-12-09 15:56:05,614 - WARNING - Article 530 ignoré : contenu trop long.
2024-12-09 15:56:05,614 - WARNING - Article 531 ignoré : contenu trop long.
2024-12-09 15:56:05,614 - INFO - Génération du résumé pour l'article 532...
2024-12-09 15:56:05,614 - ERROR - Erreur lors de la génération du résumé pour l'article 532: index out of range in self
2024-12-09 15:56:05,614 - INFO - Génération du résumé pour l'article 797...
2024-12-09 15:56:05,630 - ERROR - Erreur lors de la génération du résumé pour l'article 797: index out of range in self
2024-12-09 15:56:05,630 - WARNING - Article 735 ignoré : contenu trop long.
2024-12-09 15:56:05,630 - INFO - Génération du résumé pour l'article 614...
2024-12-09 15:56:05,630 - ERROR - Erreur lors de la génération du résumé pour l'article 614: index out of range in self
2024-12-09 15:56:05,630 - WARNING - Article 519 ignoré : contenu trop long.
2024-12-09 15:56:05,630 - INFO - Génération du résumé pour l'article 520...
2024-12-09 15:56:05,630 - ERROR - Erreur lors de la génération du résumé pour l'article 520: index out of range in self
2024-12-09 15:56:05,630 - WARNING - Article 525 ignoré : contenu trop long.
2024-12-09 15:56:05,630 - WARNING - Article 526 ignoré : contenu trop long.
2024-12-09 15:56:05,630 - WARNING - Article 527 ignoré : contenu trop long.
2024-12-09 15:56:05,630 - WARNING - Article 528 ignoré : contenu trop long.
2024-12-09 15:56:05,630 - INFO - Génération du résumé pour l'article 529...
2024-12-09 15:56:05,645 - ERROR - Erreur lors de la génération du résumé pour l'article 529: index out of range in self
2024-12-09 15:56:05,645 - WARNING - Article 530 ignoré : contenu trop long.
2024-12-09 15:56:05,645 - WARNING - Article 531 ignoré : contenu trop long.
2024-12-09 15:56:05,645 - INFO - Génération du résumé pour l'article 797...
2024-12-09 15:56:05,645 - ERROR - Erreur lors de la génération du résumé pour l'article 797: index out of range in self
2024-12-09 15:56:05,645 - WARNING - Article 735 ignoré : contenu trop long.
2024-12-09 15:56:05,645 - INFO - Génération du résumé pour l'article 614...
2024-12-09 15:56:05,645 - ERROR - Erreur lors de la génération du résumé pour l'article 614: index out of range in self
2024-12-09 15:56:05,645 - WARNING - Article 519 ignoré : contenu trop long.
2024-12-09 15:56:05,645 - INFO - Génération du résumé pour l'article 520...
2024-12-09 15:56:05,661 - ERROR - Erreur lors de la génération du résumé pour l'article 520: index out of range in self
2024-12-09 15:56:05,661 - WARNING - Article 525 ignoré : contenu trop long.
2024-12-09 15:56:05,661 - WARNING - Article 526 ignoré : contenu trop long.
2024-12-09 15:56:05,661 - WARNING - Article 527 ignoré : contenu trop long.
2024-12-09 15:56:05,661 - WARNING - Article 528 ignoré : contenu trop long.
2024-12-09 15:56:05,661 - INFO - Génération du résumé pour l'article 529...
2024-12-09 15:56:05,661 - ERROR - Erreur lors de la génération du résumé pour l'article 529: index out of range in self
2024-12-09 15:56:05,661 - WARNING - Article 530 ignoré : contenu trop long.
2024-12-09 15:56:05,661 - WARNING - Article 531 ignoré : contenu trop long.
2024-12-09 15:56:05,661 - INFO - Génération du résumé pour l'article 797...
2024-12-09 15:56:05,661 - ERROR - Erreur lors de la génération du résumé pour l'article 797: index out of range in self
2024-12-09 15:56:05,661 - WARNING - Article 735 ignoré : contenu trop long.
2024-12-09 15:56:05,661 - INFO - Génération du résumé pour l'article 614...
2024-12-09 15:56:05,661 - ERROR - Erreur lors de la génération du résumé pour l'article 614: index out of range in self
2024-12-09 15:56:05,661 - WARNING - Article 519 ignoré : contenu trop long.
2024-12-09 15:56:05,661 - INFO - Génération du résumé pour l'article 520...
2024-12-09 15:56:05,676 - ERROR - Erreur lors de la génération du résumé pour l'article 520: index out of range in self
2024-12-09 15:56:05,676 - WARNING - Article 525 ignoré : contenu trop long.
2024-12-09 15:56:05,676 - WARNING - Article 526 ignoré : contenu trop long.
2024-12-09 15:56:05,676 - WARNING - Article 527 ignoré : contenu trop long.
2024-12-09 15:56:05,676 - INFO - Génération du résumé pour l'article 797...
2024-12-09 15:56:05,676 - ERROR - Erreur lors de la génération du résumé pour l'article 797: index out of range in self
2024-12-09 15:56:05,676 - WARNING - Article 735 ignoré : contenu trop long.
2024-12-09 15:56:05,676 - INFO - Génération du résumé pour l'article 614...
2024-12-09 15:56:05,676 - ERROR - Erreur lors de la génération du résumé pour l'article 614: index out of range in self
2024-12-09 15:56:05,676 - WARNING - Article 519 ignoré : contenu trop long.
2024-12-09 15:56:05,676 - INFO - Génération du résumé pour l'article 520...
2024-12-09 15:56:05,692 - ERROR - Erreur lors de la génération du résumé pour l'article 520: index out of range in self
2024-12-09 15:56:05,692 - WARNING - Article 525 ignoré : contenu trop long.
2024-12-09 15:56:05,692 - WARNING - Article 526 ignoré : contenu trop long.
2024-12-09 15:56:05,692 - WARNING - Article 1702 ignoré : contenu trop long.
2024-12-09 15:56:05,692 - INFO - Génération du résumé pour l'article 797...
2024-12-09 15:56:05,692 - ERROR - Erreur lors de la génération du résumé pour l'article 797: index out of range in self
2024-12-09 15:56:05,692 - WARNING - Article 735 ignoré : contenu trop long.
2024-12-09 15:56:05,692 - INFO - Génération du résumé pour l'article 614...
2024-12-09 15:56:05,701 - ERROR - Erreur lors de la génération du résumé pour l'article 614: index out of range in self
2024-12-09 15:56:05,701 - WARNING - Article 519 ignoré : contenu trop long.
2024-12-09 15:56:05,701 - INFO - Génération du résumé pour l'article 520...
2024-12-09 15:56:05,701 - ERROR - Erreur lors de la génération du résumé pour l'article 520: index out of range in self
2024-12-09 15:56:05,701 - INFO - Connexion à la base de données fermée.
2024-12-09 15:56:09,340 - CRITICAL - Erreur lors de l'initialisation du pipeline de summarization: Could not load model sshleifer/distilbart-cnn-12-6 with any of the following classes: (<class 'transformers.models.auto.modeling_auto.AutoModelForSeq2SeqLM'>, <class 'transformers.models.bart.modeling_bart.BartForConditionalGeneration'>). See the original errors:

while loading with AutoModelForSeq2SeqLM, an error is thrown:
Traceback (most recent call last):
  File "C:\Users\NoémieRondel\OneDrive - talan.com\Certification\Projet final\Projet Veille IA\aimonitor\Lib\site-packages\transformers\modeling_utils.py", line 3897, in from_pretrained
    ).start()
      ^^^^^^^
  File "C:\Users\NoémieRondel\AppData\Local\Programs\Python\Python312\Lib\multiprocessing\process.py", line 121, in start
    self._popen = self._Popen(self)
                  ^^^^^^^^^^^^^^^^^
  File "C:\Users\NoémieRondel\AppData\Local\Programs\Python\Python312\Lib\multiprocessing\context.py", line 224, in _Popen
    return _default_context.get_context().Process._Popen(process_obj)
           ^^^^^^^^^^^^^^^^^^^^^^^^^^^^^^^^^^^^^^^^^^^^^^^^^^^^^^^^^^
  File "C:\Users\NoémieRondel\AppData\Local\Programs\Python\Python312\Lib\multiprocessing\context.py", line 337, in _Popen
    return Popen(process_obj)
           ^^^^^^^^^^^^^^^^^^
  File "C:\Users\NoémieRondel\AppData\Local\Programs\Python\Python312\Lib\multiprocessing\popen_spawn_win32.py", line 46, in __init__
    prep_data = spawn.get_preparation_data(process_obj._name)
                ^^^^^^^^^^^^^^^^^^^^^^^^^^^^^^^^^^^^^^^^^^^^^
  File "C:\Users\NoémieRondel\AppData\Local\Programs\Python\Python312\Lib\multiprocessing\spawn.py", line 164, in get_preparation_data
    _check_not_importing_main()
  File "C:\Users\NoémieRondel\AppData\Local\Programs\Python\Python312\Lib\multiprocessing\spawn.py", line 140, in _check_not_importing_main
    raise RuntimeError('''
RuntimeError: 
        An attempt has been made to start a new process before the
        current process has finished its bootstrapping phase.

        This probably means that you are not using fork to start your
        child processes and you have forgotten to use the proper idiom
        in the main module:

            if __name__ == '__main__':
                freeze_support()
                ...

        The "freeze_support()" line can be omitted if the program
        is not going to be frozen to produce an executable.

        To fix this issue, refer to the "Safe importing of main module"
        section in https://docs.python.org/3/library/multiprocessing.html
        

The above exception was the direct cause of the following exception:

Traceback (most recent call last):
  File "C:\Users\NoémieRondel\OneDrive - talan.com\Certification\Projet final\Projet Veille IA\aimonitor\Lib\site-packages\transformers\pipelines\base.py", line 289, in infer_framework_load_model
    model = model_class.from_pretrained(model, **kwargs)
            ^^^^^^^^^^^^^^^^^^^^^^^^^^^^^^^^^^^^^^^^^^^^
  File "C:\Users\NoémieRondel\OneDrive - talan.com\Certification\Projet final\Projet Veille IA\aimonitor\Lib\site-packages\transformers\models\auto\auto_factory.py", line 564, in from_pretrained
    return model_class.from_pretrained(
           ^^^^^^^^^^^^^^^^^^^^^^^^^^^^
  File "C:\Users\NoémieRondel\OneDrive - talan.com\Certification\Projet final\Projet Veille IA\aimonitor\Lib\site-packages\transformers\modeling_utils.py", line 3941, in from_pretrained
    raise EnvironmentError(
OSError: Can't load the model for 'sshleifer/distilbart-cnn-12-6'. If you were trying to load it from 'https://huggingface.co/models', make sure you don't have a local directory with the same name. Otherwise, make sure 'sshleifer/distilbart-cnn-12-6' is the correct path to a directory containing a file named pytorch_model.bin, tf_model.h5, model.ckpt or flax_model.msgpack.

while loading with BartForConditionalGeneration, an error is thrown:
Traceback (most recent call last):
  File "C:\Users\NoémieRondel\OneDrive - talan.com\Certification\Projet final\Projet Veille IA\aimonitor\Lib\site-packages\transformers\modeling_utils.py", line 3897, in from_pretrained
    ).start()
      ^^^^^^^
  File "C:\Users\NoémieRondel\AppData\Local\Programs\Python\Python312\Lib\multiprocessing\process.py", line 121, in start
    self._popen = self._Popen(self)
                  ^^^^^^^^^^^^^^^^^
  File "C:\Users\NoémieRondel\AppData\Local\Programs\Python\Python312\Lib\multiprocessing\context.py", line 224, in _Popen
    return _default_context.get_context().Process._Popen(process_obj)
           ^^^^^^^^^^^^^^^^^^^^^^^^^^^^^^^^^^^^^^^^^^^^^^^^^^^^^^^^^^
  File "C:\Users\NoémieRondel\AppData\Local\Programs\Python\Python312\Lib\multiprocessing\context.py", line 337, in _Popen
    return Popen(process_obj)
           ^^^^^^^^^^^^^^^^^^
  File "C:\Users\NoémieRondel\AppData\Local\Programs\Python\Python312\Lib\multiprocessing\popen_spawn_win32.py", line 46, in __init__
    prep_data = spawn.get_preparation_data(process_obj._name)
                ^^^^^^^^^^^^^^^^^^^^^^^^^^^^^^^^^^^^^^^^^^^^^
  File "C:\Users\NoémieRondel\AppData\Local\Programs\Python\Python312\Lib\multiprocessing\spawn.py", line 164, in get_preparation_data
    _check_not_importing_main()
  File "C:\Users\NoémieRondel\AppData\Local\Programs\Python\Python312\Lib\multiprocessing\spawn.py", line 140, in _check_not_importing_main
    raise RuntimeError('''
RuntimeError: 
        An attempt has been made to start a new process before the
        current process has finished its bootstrapping phase.

        This probably means that you are not using fork to start your
        child processes and you have forgotten to use the proper idiom
        in the main module:

            if __name__ == '__main__':
                freeze_support()
                ...

        The "freeze_support()" line can be omitted if the program
        is not going to be frozen to produce an executable.

        To fix this issue, refer to the "Safe importing of main module"
        section in https://docs.python.org/3/library/multiprocessing.html
        

The above exception was the direct cause of the following exception:

Traceback (most recent call last):
  File "C:\Users\NoémieRondel\OneDrive - talan.com\Certification\Projet final\Projet Veille IA\aimonitor\Lib\site-packages\transformers\pipelines\base.py", line 289, in infer_framework_load_model
    model = model_class.from_pretrained(model, **kwargs)
            ^^^^^^^^^^^^^^^^^^^^^^^^^^^^^^^^^^^^^^^^^^^^
  File "C:\Users\NoémieRondel\OneDrive - talan.com\Certification\Projet final\Projet Veille IA\aimonitor\Lib\site-packages\transformers\modeling_utils.py", line 3941, in from_pretrained
    raise EnvironmentError(
OSError: Can't load the model for 'sshleifer/distilbart-cnn-12-6'. If you were trying to load it from 'https://huggingface.co/models', make sure you don't have a local directory with the same name. Otherwise, make sure 'sshleifer/distilbart-cnn-12-6' is the correct path to a directory containing a file named pytorch_model.bin, tf_model.h5, model.ckpt or flax_model.msgpack.



